0 info it worked if it ends with ok
1 verbose cli [ '/Users/ev/.nvm/versions/node/v5.0.0/bin/node',
1 verbose cli   '/Users/ev/.nvm/versions/node/v5.0.0/bin/npm',
1 verbose cli   'run',
1 verbose cli   'watch' ]
2 info using npm@3.3.6
3 info using node@v5.0.0
4 verbose run-script [ 'prewatch', 'watch', 'postwatch' ]
5 info lifecycle bots@1.0.0~prewatch: bots@1.0.0
6 silly lifecycle bots@1.0.0~prewatch: no script for prewatch, continuing
7 info lifecycle bots@1.0.0~watch: bots@1.0.0
8 verbose lifecycle bots@1.0.0~watch: unsafe-perm in lifecycle true
9 verbose lifecycle bots@1.0.0~watch: PATH: /Users/ev/.nvm/versions/node/v5.0.0/lib/node_modules/npm/bin/node-gyp-bin:/Users/ev/src/dev/slackbots/node_modules/.bin:/Users/ev/.nvm/versions/node/v5.0.0/bin:/usr/local/bin:/usr/local/sbin:~/bin:/Users/evanturner/src/mongodb/bin:/Users/ev/src/mongodb/bin:/Users/ev/.node/bin:/usr/local/bin:/user/local/sbin:/bin:/sbin:/usr/bin:/usr/local/sbin:/usr/local/bin:/usr/local/bin:/usr/bin:/bin:/usr/sbin:/sbin
10 verbose lifecycle bots@1.0.0~watch: CWD: /Users/ev/src/dev/slackbots
11 silly lifecycle bots@1.0.0~watch: Args: [ '-c', 'gulp watch' ]
12 silly lifecycle bots@1.0.0~watch: Returned: code: 1  signal: null
13 info lifecycle bots@1.0.0~watch: Failed to exec watch script
14 verbose stack Error: bots@1.0.0 watch: `gulp watch`
14 verbose stack Exit status 1
14 verbose stack     at EventEmitter.<anonymous> (/Users/ev/.nvm/versions/node/v5.0.0/lib/node_modules/npm/lib/utils/lifecycle.js:233:16)
14 verbose stack     at emitTwo (events.js:87:13)
14 verbose stack     at EventEmitter.emit (events.js:172:7)
14 verbose stack     at ChildProcess.<anonymous> (/Users/ev/.nvm/versions/node/v5.0.0/lib/node_modules/npm/lib/utils/spawn.js:24:14)
14 verbose stack     at emitTwo (events.js:87:13)
14 verbose stack     at ChildProcess.emit (events.js:172:7)
14 verbose stack     at maybeClose (internal/child_process.js:818:16)
14 verbose stack     at Process.ChildProcess._handle.onexit (internal/child_process.js:211:5)
15 verbose pkgid bots@1.0.0
16 verbose cwd /Users/ev/src/dev/slackbots
17 error Darwin 15.0.0
18 error argv "/Users/ev/.nvm/versions/node/v5.0.0/bin/node" "/Users/ev/.nvm/versions/node/v5.0.0/bin/npm" "run" "watch"
19 error node v5.0.0
20 error npm  v3.3.6
21 error code ELIFECYCLE
22 error bots@1.0.0 watch: `gulp watch`
22 error Exit status 1
23 error Failed at the bots@1.0.0 watch script 'gulp watch'.
23 error This is most likely a problem with the bots package,
23 error not with npm itself.
23 error Tell the author that this fails on your system:
23 error     gulp watch
23 error You can get their info via:
23 error     npm owner ls bots
23 error There is likely additional logging output above.
24 verbose exit [ 1, true ]
